Build started 11/17/2024 5:50:04 PM.
     1>Project "C:\Users\DELL\OneDrive\documents\visual studio 2010\Projects\Dictionary_Search\Dictionary_Search\Dictionary_Search.vcxproj" on node 2 (build target(s)).
     1>InitializeBuildStatus:
         Creating "Debug\Dictionary_Search.unsuccessfulbuild" because "AlwaysCreate" was specified.
       ClCompile:
         All outputs are up-to-date.
         c:\Program Files (x86)\Microsoft Visual Studio 10.0\VC\bin\CL.exe /c /ZI /nologo /W3 /WX- /Od /Oy- /D WIN32 /D _DEBUG /D _CONSOLE /D _UNICODE /D UNICODE /Gm /EHsc /RTC1 /MDd /GS /fp:precise /Zc:wchar_t /Zc:forScope /Yu"StdAfx.h" /Fp"Debug\Dictionary_Search.pch" /Fo"Debug\\" /Fd"Debug\vc100.pdb" /Gd /TP /analyze- /errorReport:prompt Dictionary_Search.cpp
         Dictionary_Search.cpp
     1>c:\users\dell\onedrive\documents\visual studio 2010\projects\dictionary_search\dictionary_search\create_universe.h(131): warning C4996: 'fopen': This function or variable may be unsafe. Consider using fopen_s instead. To disable deprecation, use _CRT_SECURE_NO_WARNINGS. See online help for details.
                 c:\program files (x86)\microsoft visual studio 10.0\vc\include\stdio.h(234) : see declaration of 'fopen'
     1>c:\users\dell\onedrive\documents\visual studio 2010\projects\dictionary_search\dictionary_search\create_universe.h(142): warning C4996: 'sprintf': This function or variable may be unsafe. Consider using sprintf_s instead. To disable deprecation, use _CRT_SECURE_NO_WARNINGS. See online help for details.
                 c:\program files (x86)\microsoft visual studio 10.0\vc\include\stdio.h(371) : see declaration of 'sprintf'
     1>c:\users\dell\onedrive\documents\visual studio 2010\projects\dictionary_search\dictionary_search\create_universe.h(143): warning C4996: 'fopen': This function or variable may be unsafe. Consider using fopen_s instead. To disable deprecation, use _CRT_SECURE_NO_WARNINGS. See online help for details.
                 c:\program files (x86)\microsoft visual studio 10.0\vc\include\stdio.h(234) : see declaration of 'fopen'
     1>c:\users\dell\onedrive\documents\visual studio 2010\projects\dictionary_search\dictionary_search\create_universe.h(150): warning C4996: 'fscanf': This function or variable may be unsafe. Consider using fscanf_s instead. To disable deprecation, use _CRT_SECURE_NO_WARNINGS. See online help for details.
                 c:\program files (x86)\microsoft visual studio 10.0\vc\include\stdio.h(253) : see declaration of 'fscanf'
     1>c:\users\dell\onedrive\documents\visual studio 2010\projects\dictionary_search\dictionary_search\create_universe.h(129): warning C4101: 'count' : unreferenced local variable
     1>c:\users\dell\onedrive\documents\visual studio 2010\projects\dictionary_search\dictionary_search\create_codebook.h(6): warning C4005: 'size' : macro redefinition
                 c:\users\dell\onedrive\documents\visual studio 2010\projects\dictionary_search\dictionary_search\create_universe.h(14) : see previous definition of 'size'
     1>c:\users\dell\onedrive\documents\visual studio 2010\projects\dictionary_search\dictionary_search\create_codebook.h(84): warning C4996: 'fscanf': This function or variable may be unsafe. Consider using fscanf_s instead. To disable deprecation, use _CRT_SECURE_NO_WARNINGS. See online help for details.
                 c:\program files (x86)\microsoft visual studio 10.0\vc\include\stdio.h(253) : see declaration of 'fscanf'
     1>c:\users\dell\onedrive\documents\visual studio 2010\projects\dictionary_search\dictionary_search\create_codebook.h(89): warning C4996: 'fscanf': This function or variable may be unsafe. Consider using fscanf_s instead. To disable deprecation, use _CRT_SECURE_NO_WARNINGS. See online help for details.
                 c:\program files (x86)\microsoft visual studio 10.0\vc\include\stdio.h(253) : see declaration of 'fscanf'
     1>c:\users\dell\onedrive\documents\visual studio 2010\projects\dictionary_search\dictionary_search\create_codebook.h(90): warning C4996: 'fscanf': This function or variable may be unsafe. Consider using fscanf_s instead. To disable deprecation, use _CRT_SECURE_NO_WARNINGS. See online help for details.
                 c:\program files (x86)\microsoft visual studio 10.0\vc\include\stdio.h(253) : see declaration of 'fscanf'
     1>c:\users\dell\onedrive\documents\visual studio 2010\projects\dictionary_search\dictionary_search\create_codebook.h(157): warning C4996: 'fopen': This function or variable may be unsafe. Consider using fopen_s instead. To disable deprecation, use _CRT_SECURE_NO_WARNINGS. See online help for details.
                 c:\program files (x86)\microsoft visual studio 10.0\vc\include\stdio.h(234) : see declaration of 'fopen'
     1>c:\users\dell\onedrive\documents\visual studio 2010\projects\dictionary_search\dictionary_search\create_codebook.h(174): warning C4996: 'fopen': This function or variable may be unsafe. Consider using fopen_s instead. To disable deprecation, use _CRT_SECURE_NO_WARNINGS. See online help for details.
                 c:\program files (x86)\microsoft visual studio 10.0\vc\include\stdio.h(234) : see declaration of 'fopen'
     1>c:\users\dell\onedrive\documents\visual studio 2010\projects\dictionary_search\dictionary_search\training.h(22): warning C4996: 'fopen': This function or variable may be unsafe. Consider using fopen_s instead. To disable deprecation, use _CRT_SECURE_NO_WARNINGS. See online help for details.
                 c:\program files (x86)\microsoft visual studio 10.0\vc\include\stdio.h(234) : see declaration of 'fopen'
     1>c:\users\dell\onedrive\documents\visual studio 2010\projects\dictionary_search\dictionary_search\training.h(27): warning C4996: 'fscanf': This function or variable may be unsafe. Consider using fscanf_s instead. To disable deprecation, use _CRT_SECURE_NO_WARNINGS. See online help for details.
                 c:\program files (x86)\microsoft visual studio 10.0\vc\include\stdio.h(253) : see declaration of 'fscanf'
     1>c:\users\dell\onedrive\documents\visual studio 2010\projects\dictionary_search\dictionary_search\training.h(332): warning C4996: 'sprintf': This function or variable may be unsafe. Consider using sprintf_s instead. To disable deprecation, use _CRT_SECURE_NO_WARNINGS. See online help for details.
                 c:\program files (x86)\microsoft visual studio 10.0\vc\include\stdio.h(371) : see declaration of 'sprintf'
     1>c:\users\dell\onedrive\documents\visual studio 2010\projects\dictionary_search\dictionary_search\training.h(333): warning C4996: 'fopen': This function or variable may be unsafe. Consider using fopen_s instead. To disable deprecation, use _CRT_SECURE_NO_WARNINGS. See online help for details.
                 c:\program files (x86)\microsoft visual studio 10.0\vc\include\stdio.h(234) : see declaration of 'fopen'
     1>c:\users\dell\onedrive\documents\visual studio 2010\projects\dictionary_search\dictionary_search\training.h(335): warning C4996: 'fscanf': This function or variable may be unsafe. Consider using fscanf_s instead. To disable deprecation, use _CRT_SECURE_NO_WARNINGS. See online help for details.
                 c:\program files (x86)\microsoft visual studio 10.0\vc\include\stdio.h(253) : see declaration of 'fscanf'
     1>c:\users\dell\onedrive\documents\visual studio 2010\projects\dictionary_search\dictionary_search\training.h(337): warning C4996: 'sprintf': This function or variable may be unsafe. Consider using sprintf_s instead. To disable deprecation, use _CRT_SECURE_NO_WARNINGS. See online help for details.
                 c:\program files (x86)\microsoft visual studio 10.0\vc\include\stdio.h(371) : see declaration of 'sprintf'
     1>c:\users\dell\onedrive\documents\visual studio 2010\projects\dictionary_search\dictionary_search\training.h(338): warning C4996: 'fopen': This function or variable may be unsafe. Consider using fopen_s instead. To disable deprecation, use _CRT_SECURE_NO_WARNINGS. See online help for details.
                 c:\program files (x86)\microsoft visual studio 10.0\vc\include\stdio.h(234) : see declaration of 'fopen'
     1>c:\users\dell\onedrive\documents\visual studio 2010\projects\dictionary_search\dictionary_search\training.h(342): warning C4996: 'fscanf': This function or variable may be unsafe. Consider using fscanf_s instead. To disable deprecation, use _CRT_SECURE_NO_WARNINGS. See online help for details.
                 c:\program files (x86)\microsoft visual studio 10.0\vc\include\stdio.h(253) : see declaration of 'fscanf'
     1>c:\users\dell\onedrive\documents\visual studio 2010\projects\dictionary_search\dictionary_search\training.h(345): warning C4996: 'sprintf': This function or variable may be unsafe. Consider using sprintf_s instead. To disable deprecation, use _CRT_SECURE_NO_WARNINGS. See online help for details.
                 c:\program files (x86)\microsoft visual studio 10.0\vc\include\stdio.h(371) : see declaration of 'sprintf'
     1>c:\users\dell\onedrive\documents\visual studio 2010\projects\dictionary_search\dictionary_search\training.h(346): warning C4996: 'fopen': This function or variable may be unsafe. Consider using fopen_s instead. To disable deprecation, use _CRT_SECURE_NO_WARNINGS. See online help for details.
                 c:\program files (x86)\microsoft visual studio 10.0\vc\include\stdio.h(234) : see declaration of 'fopen'
     1>c:\users\dell\onedrive\documents\visual studio 2010\projects\dictionary_search\dictionary_search\training.h(350): warning C4996: 'fscanf': This function or variable may be unsafe. Consider using fscanf_s instead. To disable deprecation, use _CRT_SECURE_NO_WARNINGS. See online help for details.
                 c:\program files (x86)\microsoft visual studio 10.0\vc\include\stdio.h(253) : see declaration of 'fscanf'
     1>c:\users\dell\onedrive\documents\visual studio 2010\projects\dictionary_search\dictionary_search\training.h(412): warning C4996: 'sprintf': This function or variable may be unsafe. Consider using sprintf_s instead. To disable deprecation, use _CRT_SECURE_NO_WARNINGS. See online help for details.
                 c:\program files (x86)\microsoft visual studio 10.0\vc\include\stdio.h(371) : see declaration of 'sprintf'
     1>c:\users\dell\onedrive\documents\visual studio 2010\projects\dictionary_search\dictionary_search\training.h(413): warning C4996: 'fopen': This function or variable may be unsafe. Consider using fopen_s instead. To disable deprecation, use _CRT_SECURE_NO_WARNINGS. See online help for details.
                 c:\program files (x86)\microsoft visual studio 10.0\vc\include\stdio.h(234) : see declaration of 'fopen'
     1>c:\users\dell\onedrive\documents\visual studio 2010\projects\dictionary_search\dictionary_search\training.h(417): warning C4996: 'sprintf': This function or variable may be unsafe. Consider using sprintf_s instead. To disable deprecation, use _CRT_SECURE_NO_WARNINGS. See online help for details.
                 c:\program files (x86)\microsoft visual studio 10.0\vc\include\stdio.h(371) : see declaration of 'sprintf'
     1>c:\users\dell\onedrive\documents\visual studio 2010\projects\dictionary_search\dictionary_search\training.h(418): warning C4996: 'fopen': This function or variable may be unsafe. Consider using fopen_s instead. To disable deprecation, use _CRT_SECURE_NO_WARNINGS. See online help for details.
                 c:\program files (x86)\microsoft visual studio 10.0\vc\include\stdio.h(234) : see declaration of 'fopen'
     1>c:\users\dell\onedrive\documents\visual studio 2010\projects\dictionary_search\dictionary_search\training.h(428): warning C4996: 'sprintf': This function or variable may be unsafe. Consider using sprintf_s instead. To disable deprecation, use _CRT_SECURE_NO_WARNINGS. See online help for details.
                 c:\program files (x86)\microsoft visual studio 10.0\vc\include\stdio.h(371) : see declaration of 'sprintf'
     1>c:\users\dell\onedrive\documents\visual studio 2010\projects\dictionary_search\dictionary_search\training.h(429): warning C4996: 'fopen': This function or variable may be unsafe. Consider using fopen_s instead. To disable deprecation, use _CRT_SECURE_NO_WARNINGS. See online help for details.
                 c:\program files (x86)\microsoft visual studio 10.0\vc\include\stdio.h(234) : see declaration of 'fopen'
     1>c:\users\dell\onedrive\documents\visual studio 2010\projects\dictionary_search\dictionary_search\training.h(458): warning C4996: 'sprintf': This function or variable may be unsafe. Consider using sprintf_s instead. To disable deprecation, use _CRT_SECURE_NO_WARNINGS. See online help for details.
                 c:\program files (x86)\microsoft visual studio 10.0\vc\include\stdio.h(371) : see declaration of 'sprintf'
     1>c:\users\dell\onedrive\documents\visual studio 2010\projects\dictionary_search\dictionary_search\training.h(459): warning C4996: 'fopen': This function or variable may be unsafe. Consider using fopen_s instead. To disable deprecation, use _CRT_SECURE_NO_WARNINGS. See online help for details.
                 c:\program files (x86)\microsoft visual studio 10.0\vc\include\stdio.h(234) : see declaration of 'fopen'
     1>c:\users\dell\onedrive\documents\visual studio 2010\projects\dictionary_search\dictionary_search\training.h(466): warning C4996: 'fscanf': This function or variable may be unsafe. Consider using fscanf_s instead. To disable deprecation, use _CRT_SECURE_NO_WARNINGS. See online help for details.
                 c:\program files (x86)\microsoft visual studio 10.0\vc\include\stdio.h(253) : see declaration of 'fscanf'
     1>c:\users\dell\onedrive\documents\visual studio 2010\projects\dictionary_search\dictionary_search\training.h(445): warning C4101: 'count' : unreferenced local variable
     1>c:\users\dell\onedrive\documents\visual studio 2010\projects\dictionary_search\dictionary_search\testing.h(34): warning C4996: 'sprintf': This function or variable may be unsafe. Consider using sprintf_s instead. To disable deprecation, use _CRT_SECURE_NO_WARNINGS. See online help for details.
                 c:\program files (x86)\microsoft visual studio 10.0\vc\include\stdio.h(371) : see declaration of 'sprintf'
     1>c:\users\dell\onedrive\documents\visual studio 2010\projects\dictionary_search\dictionary_search\testing.h(35): warning C4996: 'fopen': This function or variable may be unsafe. Consider using fopen_s instead. To disable deprecation, use _CRT_SECURE_NO_WARNINGS. See online help for details.
                 c:\program files (x86)\microsoft visual studio 10.0\vc\include\stdio.h(234) : see declaration of 'fopen'
     1>c:\users\dell\onedrive\documents\visual studio 2010\projects\dictionary_search\dictionary_search\testing.h(42): warning C4996: 'fscanf': This function or variable may be unsafe. Consider using fscanf_s instead. To disable deprecation, use _CRT_SECURE_NO_WARNINGS. See online help for details.
                 c:\program files (x86)\microsoft visual studio 10.0\vc\include\stdio.h(253) : see declaration of 'fscanf'
     1>c:\users\dell\onedrive\documents\visual studio 2010\projects\dictionary_search\dictionary_search\testing.h(24): warning C4101: 'count' : unreferenced local variable
     1>c:\users\dell\onedrive\documents\visual studio 2010\projects\dictionary_search\dictionary_search\live_testing.h(44): warning C4996: 'sprintf': This function or variable may be unsafe. Consider using sprintf_s instead. To disable deprecation, use _CRT_SECURE_NO_WARNINGS. See online help for details.
                 c:\program files (x86)\microsoft visual studio 10.0\vc\include\stdio.h(371) : see declaration of 'sprintf'
     1>c:\users\dell\onedrive\documents\visual studio 2010\projects\dictionary_search\dictionary_search\live_testing.h(45): warning C4996: 'fopen': This function or variable may be unsafe. Consider using fopen_s instead. To disable deprecation, use _CRT_SECURE_NO_WARNINGS. See online help for details.
                 c:\program files (x86)\microsoft visual studio 10.0\vc\include\stdio.h(234) : see declaration of 'fopen'
     1>c:\users\dell\onedrive\documents\visual studio 2010\projects\dictionary_search\dictionary_search\live_testing.h(53): warning C4996: 'fscanf': This function or variable may be unsafe. Consider using fscanf_s instead. To disable deprecation, use _CRT_SECURE_NO_WARNINGS. See online help for details.
                 c:\program files (x86)\microsoft visual studio 10.0\vc\include\stdio.h(253) : see declaration of 'fscanf'
     1>c:\users\dell\onedrive\documents\visual studio 2010\projects\dictionary_search\dictionary_search\live_testing.h(82): warning C4996: 'sprintf': This function or variable may be unsafe. Consider using sprintf_s instead. To disable deprecation, use _CRT_SECURE_NO_WARNINGS. See online help for details.
                 c:\program files (x86)\microsoft visual studio 10.0\vc\include\stdio.h(371) : see declaration of 'sprintf'
     1>c:\users\dell\onedrive\documents\visual studio 2010\projects\dictionary_search\dictionary_search\live_testing.h(83): warning C4996: 'fopen': This function or variable may be unsafe. Consider using fopen_s instead. To disable deprecation, use _CRT_SECURE_NO_WARNINGS. See online help for details.
                 c:\program files (x86)\microsoft visual studio 10.0\vc\include\stdio.h(234) : see declaration of 'fopen'
     1>c:\users\dell\onedrive\documents\visual studio 2010\projects\dictionary_search\dictionary_search\live_testing.h(80): warning C4101: 'wordname' : unreferenced local variable
     1>c:\users\dell\onedrive\documents\visual studio 2010\projects\dictionary_search\dictionary_search\live_testing.h(39): warning C4101: 'count' : unreferenced local variable
     1>c:\users\dell\onedrive\documents\visual studio 2010\projects\dictionary_search\dictionary_search\dictionary_search.cpp(22): warning C4996: 'scanf': This function or variable may be unsafe. Consider using scanf_s instead. To disable deprecation, use _CRT_SECURE_NO_WARNINGS. See online help for details.
                 c:\program files (x86)\microsoft visual studio 10.0\vc\include\stdio.h(304) : see declaration of 'scanf'
     1>c:\users\dell\onedrive\documents\visual studio 2010\projects\dictionary_search\dictionary_search\dictionary_search.cpp(40): warning C4996: 'getch': The POSIX name for this item is deprecated. Instead, use the ISO C++ conformant name: _getch. See online help for details.
                 c:\program files (x86)\microsoft visual studio 10.0\vc\include\conio.h(128) : see declaration of 'getch'
     1>c:\users\dell\onedrive\documents\visual studio 2010\projects\dictionary_search\dictionary_search\dictionary_search.cpp(53): warning C4996: 'getch': The POSIX name for this item is deprecated. Instead, use the ISO C++ conformant name: _getch. See online help for details.
                 c:\program files (x86)\microsoft visual studio 10.0\vc\include\conio.h(128) : see declaration of 'getch'
       ManifestResourceCompile:
         All outputs are up-to-date.
       Link:
         c:\Program Files (x86)\Microsoft Visual Studio 10.0\VC\bin\link.exe /ERRORREPORT:PROMPT /OUT:"C:\Users\DELL\onedrive\documents\visual studio 2010\Projects\Dictionary_Search\Debug\Dictionary_Search.exe" /INCREMENTAL /NOLOGO kernel32.lib user32.lib gdi32.lib winspool.lib comdlg32.lib advapi32.lib shell32.lib ole32.lib oleaut32.lib uuid.lib odbc32.lib odbccp32.lib /MANIFEST /ManifestFile:"Debug\Dictionary_Search.exe.intermediate.manifest" /MANIFESTUAC:"level='asInvoker' uiAccess='false'" /DEBUG /PDB:"C:\Users\DELL\onedrive\documents\visual studio 2010\Projects\Dictionary_Search\Debug\Dictionary_Search.pdb" /SUBSYSTEM:CONSOLE /TLBID:1 /DYNAMICBASE /NXCOMPAT /IMPLIB:"C:\Users\DELL\onedrive\documents\visual studio 2010\Projects\Dictionary_Search\Debug\Dictionary_Search.lib" /MACHINE:X86 Debug\Dictionary_Search.exe.embed.manifest.res
         Debug\Dictionary_Search.obj
         Debug\stdafx.obj
       Manifest:
         c:\Program Files (x86)\Microsoft SDKs\Windows\v7.0A\bin\mt.exe /nologo /verbose /out:"Debug\Dictionary_Search.exe.embed.manifest" /manifest Debug\Dictionary_Search.exe.intermediate.manifest
         All outputs are up-to-date.
       LinkEmbedManifest:
         All outputs are up-to-date.
         Dictionary_Search.vcxproj -> C:\Users\DELL\onedrive\documents\visual studio 2010\Projects\Dictionary_Search\Debug\Dictionary_Search.exe
       FinalizeBuildStatus:
         Deleting file "Debug\Dictionary_Search.unsuccessfulbuild".
         Touching "Debug\Dictionary_Search.lastbuildstate".
     1>Done Building Project "C:\Users\DELL\OneDrive\documents\visual studio 2010\Projects\Dictionary_Search\Dictionary_Search\Dictionary_Search.vcxproj" (build target(s)).

Build succeeded.

Time Elapsed 00:00:08.20
